[2023-09-26 15:31:38:5396130][SpringApplicationShutdownHook] INFO  o.s.o.j.LocalContainerEntityManagerFactoryBean - Closing JPA EntityManagerFactory for persistence unit 'default'
[2023-09-26 15:31:38:5396162][SpringApplicationShutdownHook] INFO  com.zaxxer.hikari.HikariDataSource - HikariPool-1 - Shutdown initiated...
[2023-09-26 15:31:38:5396320][SpringApplicationShutdownHook] INFO  com.zaxxer.hikari.HikariDataSource - HikariPool-1 - Shutdown completed.
[2023-09-26 15:32:55:1882][background-preinit] INFO  o.h.validator.internal.util.Version - HV000001: Hibernate Validator 8.0.1.Final
[2023-09-26 15:32:56:2809][main] INFO  o.s.d.r.c.RepositoryConfigurationDelegate - Bootstrapping Spring Data JPA repositories in DEFAULT mode.
[2023-09-26 15:32:56:2882][main] INFO  o.s.d.r.c.RepositoryConfigurationDelegate - Finished Spring Data repository scanning in 66 ms. Found 7 JPA repository interfaces.
[2023-09-26 15:32:56:3047][main] INFO  o.s.cloud.context.scope.GenericScope - BeanFactory id=b3aaeba4-db48-3465-bcd1-0266431355dc
[2023-09-26 15:32:57:3100][main] INFO  o.s.c.s.PostProcessorRegistrationDelegate$BeanPostProcessorChecker - Bean 'briefing.feign.oauth.apple.client.AppleOauth2Client' of type [org.springframework.cloud.openfeign.FeignClientFactoryBean] is not eligible for getting processed by all BeanPostProcessors (for example: not eligible for auto-proxying)
[2023-09-26 15:32:57:3102][main] INFO  o.s.c.s.PostProcessorRegistrationDelegate$BeanPostProcessorChecker - Bean 'briefing.feign.oauth.google.client.GoogleOauth2Client' of type [org.springframework.cloud.openfeign.FeignClientFactoryBean] is not eligible for getting processed by all BeanPostProcessors (for example: not eligible for auto-proxying)
[2023-09-26 15:32:57:3422][main] INFO  o.s.b.w.e.tomcat.TomcatWebServer - Tomcat initialized with port(s): 8080 (http)
[2023-09-26 15:32:57:3429][main] INFO  o.a.coyote.http11.Http11NioProtocol - Initializing ProtocolHandler ["http-nio-8080"]
[2023-09-26 15:32:57:3431][main] INFO  o.a.catalina.core.StandardService - Starting service [Tomcat]
[2023-09-26 15:32:57:3431][main] INFO  o.a.catalina.core.StandardEngine - Starting Servlet engine: [Apache Tomcat/10.1.11]
[2023-09-26 15:32:57:3548][main] INFO  o.a.c.c.C.[Tomcat].[localhost].[/] - Initializing Spring embedded WebApplicationContext
[2023-09-26 15:32:57:3548][main] INFO  o.s.b.w.s.c.ServletWebServerApplicationContext - Root WebApplicationContext: initialization completed in 1575 ms
[2023-09-26 15:32:57:3696][main] INFO  o.h.jpa.internal.util.LogHelper - HHH000204: Processing PersistenceUnitInfo [name: default]
[2023-09-26 15:32:57:3783][main] INFO  org.hibernate.Version - HHH000412: Hibernate ORM core version 6.2.6.Final
[2023-09-26 15:32:57:3785][main] INFO  org.hibernate.cfg.Environment - HHH000406: Using bytecode reflection optimizer
[2023-09-26 15:32:57:3954][main] INFO  o.h.b.i.BytecodeProviderInitiator - HHH000021: Bytecode provider name : bytebuddy
[2023-09-26 15:32:58:4101][main] INFO  o.s.o.j.p.SpringPersistenceUnitInfo - No LoadTimeWeaver setup: ignoring JPA class transformer
[2023-09-26 15:32:58:4117][main] INFO  com.zaxxer.hikari.HikariDataSource - HikariPool-1 - Starting...
[2023-09-26 15:32:58:4672][main] INFO  com.zaxxer.hikari.pool.HikariPool - HikariPool-1 - Added connection com.mysql.cj.jdbc.ConnectionImpl@990b86b
[2023-09-26 15:32:58:4674][main] INFO  com.zaxxer.hikari.HikariDataSource - HikariPool-1 - Start completed.
[2023-09-26 15:32:58:5027][main] INFO  o.h.b.i.BytecodeProviderInitiator - HHH000021: Bytecode provider name : bytebuddy
[2023-09-26 15:32:59:5772][main] INFO  o.h.e.t.j.p.i.JtaPlatformInitiator - HHH000490: Using JtaPlatform implementation: [org.hibernate.engine.transaction.jta.platform.internal.NoJtaPlatform]
[2023-09-26 15:33:00:6812][main] INFO  o.s.o.j.LocalContainerEntityManagerFactoryBean - Initialized JPA EntityManagerFactory for persistence unit 'default'
[2023-09-26 15:33:01:7544][main] INFO  o.s.s.web.DefaultSecurityFilterChain - Will secure any request with [org.springframework.security.web.session.DisableEncodeUrlFilter@40c7cea8, org.springframework.security.web.context.request.async.WebAsyncManagerIntegrationFilter@41a56594, org.springframework.security.web.context.SecurityContextHolderFilter@54a0ada1, org.springframework.security.web.header.HeaderWriterFilter@40c31127, org.springframework.security.web.authentication.logout.LogoutFilter@7321f698, briefing.security.filter.JwtRequestFilter@4b1a7b39, org.springframework.security.web.savedrequest.RequestCacheAwareFilter@5ec2462, org.springframework.security.web.servletapi.SecurityContextHolderAwareRequestFilter@201ac0ef, org.springframework.security.web.authentication.AnonymousAuthenticationFilter@42ffabb, org.springframework.security.web.session.SessionManagementFilter@55f2e76a, org.springframework.security.web.access.ExceptionTranslationFilter@251e00a0]
[2023-09-26 15:33:02:8284][main] INFO  o.s.s.web.DefaultSecurityFilterChain - Will not secure Mvc [pattern='']
[2023-09-26 15:33:02:8284][main] INFO  o.s.s.web.DefaultSecurityFilterChain - Will not secure Mvc [pattern='/']
[2023-09-26 15:33:02:8284][main] INFO  o.s.s.web.DefaultSecurityFilterChain - Will not secure Mvc [pattern='/schedule']
[2023-09-26 15:33:02:8284][main] INFO  o.s.s.web.DefaultSecurityFilterChain - Will not secure Mvc [pattern='/swagger-ui.html']
[2023-09-26 15:33:02:8284][main] INFO  o.s.s.web.DefaultSecurityFilterChain - Will not secure Mvc [pattern='/v3/api-docs']
[2023-09-26 15:33:02:8284][main] INFO  o.s.s.web.DefaultSecurityFilterChain - Will not secure Mvc [pattern='/v3/api-docs/**']
[2023-09-26 15:33:02:8284][main] INFO  o.s.s.web.DefaultSecurityFilterChain - Will not secure Mvc [pattern='/swagger-ui/index.html']
[2023-09-26 15:33:02:8284][main] INFO  o.s.s.web.DefaultSecurityFilterChain - Will not secure Mvc [pattern='/swagger-ui/**']
[2023-09-26 15:33:02:8285][main] INFO  o.s.s.web.DefaultSecurityFilterChain - Will not secure Mvc [pattern='/docs/**']
[2023-09-26 15:33:02:8285][main] INFO  o.s.s.web.DefaultSecurityFilterChain - Will not secure Mvc [pattern='/members/auth/**']
[2023-09-26 15:33:02:8285][main] INFO  o.s.s.web.DefaultSecurityFilterChain - Will not secure Mvc [pattern='/scraps/**']
[2023-09-26 15:33:03:9640][main] INFO  o.s.cloud.commons.util.InetUtils - Cannot determine local hostname
[2023-09-26 15:33:03:9693][main] INFO  o.a.coyote.http11.Http11NioProtocol - Starting ProtocolHandler ["http-nio-8080"]
[2023-09-26 15:33:03:9719][main] INFO  o.s.b.w.e.tomcat.TomcatWebServer - Tomcat started on port(s): 8080 (http) with context path ''
[2023-09-26 15:33:04:10908][main] INFO  o.s.cloud.commons.util.InetUtils - Cannot determine local hostname
[2023-09-26 17:21:22:6508706][SpringApplicationShutdownHook] INFO  o.s.o.j.LocalContainerEntityManagerFactoryBean - Closing JPA EntityManagerFactory for persistence unit 'default'
[2023-09-26 17:21:22:6508718][SpringApplicationShutdownHook] INFO  com.zaxxer.hikari.HikariDataSource - HikariPool-1 - Shutdown initiated...
[2023-09-26 17:21:22:6508785][SpringApplicationShutdownHook] INFO  com.zaxxer.hikari.HikariDataSource - HikariPool-1 - Shutdown completed.
[2023-09-26 17:21:48:1909][background-preinit] INFO  o.h.validator.internal.util.Version - HV000001: Hibernate Validator 8.0.1.Final
[2023-09-26 17:21:49:2858][main] INFO  o.s.d.r.c.RepositoryConfigurationDelegate - Bootstrapping Spring Data JPA repositories in DEFAULT mode.
[2023-09-26 17:21:49:2930][main] INFO  o.s.d.r.c.RepositoryConfigurationDelegate - Finished Spring Data repository scanning in 67 ms. Found 7 JPA repository interfaces.
[2023-09-26 17:21:49:3100][main] INFO  o.s.cloud.context.scope.GenericScope - BeanFactory id=b3aaeba4-db48-3465-bcd1-0266431355dc
[2023-09-26 17:21:49:3157][main] INFO  o.s.c.s.PostProcessorRegistrationDelegate$BeanPostProcessorChecker - Bean 'briefing.feign.oauth.apple.client.AppleOauth2Client' of type [org.springframework.cloud.openfeign.FeignClientFactoryBean] is not eligible for getting processed by all BeanPostProcessors (for example: not eligible for auto-proxying)
[2023-09-26 17:21:49:3159][main] INFO  o.s.c.s.PostProcessorRegistrationDelegate$BeanPostProcessorChecker - Bean 'briefing.feign.oauth.google.client.GoogleOauth2Client' of type [org.springframework.cloud.openfeign.FeignClientFactoryBean] is not eligible for getting processed by all BeanPostProcessors (for example: not eligible for auto-proxying)
[2023-09-26 17:21:49:3471][main] INFO  o.s.b.w.e.tomcat.TomcatWebServer - Tomcat initialized with port(s): 8080 (http)
[2023-09-26 17:21:49:3479][main] INFO  o.a.coyote.http11.Http11NioProtocol - Initializing ProtocolHandler ["http-nio-8080"]
[2023-09-26 17:21:49:3481][main] INFO  o.a.catalina.core.StandardService - Starting service [Tomcat]
[2023-09-26 17:21:49:3481][main] INFO  o.a.catalina.core.StandardEngine - Starting Servlet engine: [Apache Tomcat/10.1.11]
[2023-09-26 17:21:49:3602][main] INFO  o.a.c.c.C.[Tomcat].[localhost].[/] - Initializing Spring embedded WebApplicationContext
[2023-09-26 17:21:49:3602][main] INFO  o.s.b.w.s.c.ServletWebServerApplicationContext - Root WebApplicationContext: initialization completed in 1589 ms
[2023-09-26 17:21:50:3768][main] INFO  o.h.jpa.internal.util.LogHelper - HHH000204: Processing PersistenceUnitInfo [name: default]
[2023-09-26 17:21:50:3865][main] INFO  org.hibernate.Version - HHH000412: Hibernate ORM core version 6.2.6.Final
[2023-09-26 17:21:50:3868][main] INFO  org.hibernate.cfg.Environment - HHH000406: Using bytecode reflection optimizer
[2023-09-26 17:21:50:4024][main] INFO  o.h.b.i.BytecodeProviderInitiator - HHH000021: Bytecode provider name : bytebuddy
[2023-09-26 17:21:50:4176][main] INFO  o.s.o.j.p.SpringPersistenceUnitInfo - No LoadTimeWeaver setup: ignoring JPA class transformer
[2023-09-26 17:21:50:4193][main] INFO  com.zaxxer.hikari.HikariDataSource - HikariPool-1 - Starting...
[2023-09-26 17:21:51:4843][main] INFO  com.zaxxer.hikari.pool.HikariPool - HikariPool-1 - Added connection com.mysql.cj.jdbc.ConnectionImpl@990b86b
[2023-09-26 17:21:51:4845][main] INFO  com.zaxxer.hikari.HikariDataSource - HikariPool-1 - Start completed.
[2023-09-26 17:21:51:5289][main] INFO  o.h.b.i.BytecodeProviderInitiator - HHH000021: Bytecode provider name : bytebuddy
[2023-09-26 17:21:52:6100][main] INFO  o.h.e.t.j.p.i.JtaPlatformInitiator - HHH000490: Using JtaPlatform implementation: [org.hibernate.engine.transaction.jta.platform.internal.NoJtaPlatform]
[2023-09-26 17:21:53:7267][main] INFO  o.s.o.j.LocalContainerEntityManagerFactoryBean - Initialized JPA EntityManagerFactory for persistence unit 'default'
[2023-09-26 17:21:54:8110][main] INFO  o.s.s.web.DefaultSecurityFilterChain - Will secure any request with [org.springframework.security.web.session.DisableEncodeUrlFilter@251e00a0, org.springframework.security.web.context.request.async.WebAsyncManagerIntegrationFilter@462f1d85, org.springframework.security.web.context.SecurityContextHolderFilter@4299b47d, org.springframework.security.web.header.HeaderWriterFilter@7f55e1b9, org.springframework.security.web.authentication.logout.LogoutFilter@41aa99fc, briefing.security.filter.JwtRequestFilter@40c31127, org.springframework.security.web.savedrequest.RequestCacheAwareFilter@7d6c4c43, org.springframework.security.web.servletapi.SecurityContextHolderAwareRequestFilter@14ab3e22, org.springframework.security.web.authentication.AnonymousAuthenticationFilter@bcecdd, org.springframework.security.web.session.SessionManagementFilter@7a6ef10b, org.springframework.security.web.access.ExceptionTranslationFilter@abce494]
[2023-09-26 17:21:55:8908][main] INFO  o.s.s.web.DefaultSecurityFilterChain - Will not secure Mvc [pattern='']
[2023-09-26 17:21:55:8908][main] INFO  o.s.s.web.DefaultSecurityFilterChain - Will not secure Mvc [pattern='/']
[2023-09-26 17:21:55:8908][main] INFO  o.s.s.web.DefaultSecurityFilterChain - Will not secure Mvc [pattern='/schedule']
[2023-09-26 17:21:55:8908][main] INFO  o.s.s.web.DefaultSecurityFilterChain - Will not secure Mvc [pattern='/swagger-ui.html']
[2023-09-26 17:21:55:8908][main] INFO  o.s.s.web.DefaultSecurityFilterChain - Will not secure Mvc [pattern='/v3/api-docs']
[2023-09-26 17:21:55:8908][main] INFO  o.s.s.web.DefaultSecurityFilterChain - Will not secure Mvc [pattern='/v3/api-docs/**']
[2023-09-26 17:21:55:8909][main] INFO  o.s.s.web.DefaultSecurityFilterChain - Will not secure Mvc [pattern='/swagger-ui/index.html']
[2023-09-26 17:21:55:8909][main] INFO  o.s.s.web.DefaultSecurityFilterChain - Will not secure Mvc [pattern='/swagger-ui/**']
[2023-09-26 17:21:55:8909][main] INFO  o.s.s.web.DefaultSecurityFilterChain - Will not secure Mvc [pattern='/docs/**']
[2023-09-26 17:21:55:8909][main] INFO  o.s.s.web.DefaultSecurityFilterChain - Will not secure Mvc [pattern='/members/auth/**']
[2023-09-26 17:21:55:8909][main] INFO  o.s.s.web.DefaultSecurityFilterChain - Will not secure Mvc [pattern='/scraps/**']
[2023-09-26 17:21:55:8909][main] INFO  o.s.s.web.DefaultSecurityFilterChain - Will not secure Mvc [pattern='/briefings/**']
[2023-09-26 17:21:55:8909][main] INFO  o.s.s.web.DefaultSecurityFilterChain - Will not secure Mvc [pattern='/chattings/**']
[2023-09-26 17:21:56:10312][main] INFO  o.s.cloud.commons.util.InetUtils - Cannot determine local hostname
[2023-09-26 17:21:56:10363][main] INFO  o.a.coyote.http11.Http11NioProtocol - Starting ProtocolHandler ["http-nio-8080"]
[2023-09-26 17:21:56:10385][main] INFO  o.s.b.w.e.tomcat.TomcatWebServer - Tomcat started on port(s): 8080 (http) with context path ''
[2023-09-26 17:21:57:11577][main] INFO  o.s.cloud.commons.util.InetUtils - Cannot determine local hostname
[2023-09-26 17:24:18:151965][SpringApplicationShutdownHook] INFO  o.s.o.j.LocalContainerEntityManagerFactoryBean - Closing JPA EntityManagerFactory for persistence unit 'default'
[2023-09-26 17:24:18:151966][SpringApplicationShutdownHook] INFO  com.zaxxer.hikari.HikariDataSource - HikariPool-1 - Shutdown initiated...
[2023-09-26 17:24:18:152053][SpringApplicationShutdownHook] INFO  com.zaxxer.hikari.HikariDataSource - HikariPool-1 - Shutdown completed.
[2023-09-26 17:25:59:1772][background-preinit] INFO  o.h.validator.internal.util.Version - HV000001: Hibernate Validator 8.0.1.Final
[2023-09-26 17:26:00:2678][main] INFO  o.s.d.r.c.RepositoryConfigurationDelegate - Bootstrapping Spring Data JPA repositories in DEFAULT mode.
[2023-09-26 17:26:00:2747][main] INFO  o.s.d.r.c.RepositoryConfigurationDelegate - Finished Spring Data repository scanning in 63 ms. Found 7 JPA repository interfaces.
[2023-09-26 17:26:00:2911][main] INFO  o.s.cloud.context.scope.GenericScope - BeanFactory id=b3aaeba4-db48-3465-bcd1-0266431355dc
[2023-09-26 17:26:00:2964][main] INFO  o.s.c.s.PostProcessorRegistrationDelegate$BeanPostProcessorChecker - Bean 'briefing.feign.oauth.apple.client.AppleOauth2Client' of type [org.springframework.cloud.openfeign.FeignClientFactoryBean] is not eligible for getting processed by all BeanPostProcessors (for example: not eligible for auto-proxying)
[2023-09-26 17:26:00:2965][main] INFO  o.s.c.s.PostProcessorRegistrationDelegate$BeanPostProcessorChecker - Bean 'briefing.feign.oauth.google.client.GoogleOauth2Client' of type [org.springframework.cloud.openfeign.FeignClientFactoryBean] is not eligible for getting processed by all BeanPostProcessors (for example: not eligible for auto-proxying)
[2023-09-26 17:26:01:3254][main] INFO  o.s.b.w.e.tomcat.TomcatWebServer - Tomcat initialized with port(s): 8080 (http)
[2023-09-26 17:26:01:3261][main] INFO  o.a.coyote.http11.Http11NioProtocol - Initializing ProtocolHandler ["http-nio-8080"]
[2023-09-26 17:26:01:3263][main] INFO  o.a.catalina.core.StandardService - Starting service [Tomcat]
[2023-09-26 17:26:01:3263][main] INFO  o.a.catalina.core.StandardEngine - Starting Servlet engine: [Apache Tomcat/10.1.11]
[2023-09-26 17:26:01:3374][main] INFO  o.a.c.c.C.[Tomcat].[localhost].[/] - Initializing Spring embedded WebApplicationContext
[2023-09-26 17:26:01:3374][main] INFO  o.s.b.w.s.c.ServletWebServerApplicationContext - Root WebApplicationContext: initialization completed in 1509 ms
[2023-09-26 17:26:01:3512][main] INFO  o.h.jpa.internal.util.LogHelper - HHH000204: Processing PersistenceUnitInfo [name: default]
[2023-09-26 17:26:01:3572][main] INFO  org.hibernate.Version - HHH000412: Hibernate ORM core version 6.2.6.Final
[2023-09-26 17:26:01:3575][main] INFO  org.hibernate.cfg.Environment - HHH000406: Using bytecode reflection optimizer
[2023-09-26 17:26:01:3701][main] INFO  o.h.b.i.BytecodeProviderInitiator - HHH000021: Bytecode provider name : bytebuddy
[2023-09-26 17:26:01:3832][main] INFO  o.s.o.j.p.SpringPersistenceUnitInfo - No LoadTimeWeaver setup: ignoring JPA class transformer
[2023-09-26 17:26:01:3847][main] INFO  com.zaxxer.hikari.HikariDataSource - HikariPool-1 - Starting...
[2023-09-26 17:26:02:4299][main] INFO  com.zaxxer.hikari.pool.HikariPool - HikariPool-1 - Added connection com.mysql.cj.jdbc.ConnectionImpl@4ea48b2e
[2023-09-26 17:26:02:4300][main] INFO  com.zaxxer.hikari.HikariDataSource - HikariPool-1 - Start completed.
[2023-09-26 17:26:02:4610][main] INFO  o.h.b.i.BytecodeProviderInitiator - HHH000021: Bytecode provider name : bytebuddy
[2023-09-26 17:26:03:5323][main] INFO  o.h.e.t.j.p.i.JtaPlatformInitiator - HHH000490: Using JtaPlatform implementation: [org.hibernate.engine.transaction.jta.platform.internal.NoJtaPlatform]
[2023-09-26 17:26:04:6195][main] INFO  o.s.o.j.LocalContainerEntityManagerFactoryBean - Initialized JPA EntityManagerFactory for persistence unit 'default'
[2023-09-26 17:26:04:6901][main] INFO  o.s.s.web.DefaultSecurityFilterChain - Will secure any request with [org.springframework.security.web.session.DisableEncodeUrlFilter@7474bc14, org.springframework.security.web.context.request.async.WebAsyncManagerIntegrationFilter@77070012, org.springframework.security.web.context.SecurityContextHolderFilter@251e00a0, org.springframework.security.web.header.HeaderWriterFilter@3e9f3d0f, org.springframework.security.web.authentication.logout.LogoutFilter@787f97b, briefing.security.filter.JwtRequestFilter@39ad1fdb, org.springframework.security.web.savedrequest.RequestCacheAwareFilter@40c31127, org.springframework.security.web.servletapi.SecurityContextHolderAwareRequestFilter@331d651b, org.springframework.security.web.authentication.AnonymousAuthenticationFilter@7321f698, org.springframework.security.web.session.SessionManagementFilter@6ccb3dd, org.springframework.security.web.access.ExceptionTranslationFilter@2afdab87]
[2023-09-26 17:26:05:7631][main] INFO  o.s.s.web.DefaultSecurityFilterChain - Will not secure Mvc [pattern='']
[2023-09-26 17:26:05:7632][main] INFO  o.s.s.web.DefaultSecurityFilterChain - Will not secure Mvc [pattern='/']
[2023-09-26 17:26:05:7632][main] INFO  o.s.s.web.DefaultSecurityFilterChain - Will not secure Mvc [pattern='/schedule']
[2023-09-26 17:26:05:7632][main] INFO  o.s.s.web.DefaultSecurityFilterChain - Will not secure Mvc [pattern='/swagger-ui.html']
[2023-09-26 17:26:05:7632][main] INFO  o.s.s.web.DefaultSecurityFilterChain - Will not secure Mvc [pattern='/v3/api-docs']
[2023-09-26 17:26:05:7632][main] INFO  o.s.s.web.DefaultSecurityFilterChain - Will not secure Mvc [pattern='/v3/api-docs/**']
[2023-09-26 17:26:05:7632][main] INFO  o.s.s.web.DefaultSecurityFilterChain - Will not secure Mvc [pattern='/swagger-ui/index.html']
[2023-09-26 17:26:05:7632][main] INFO  o.s.s.web.DefaultSecurityFilterChain - Will not secure Mvc [pattern='/swagger-ui/**']
[2023-09-26 17:26:05:7632][main] INFO  o.s.s.web.DefaultSecurityFilterChain - Will not secure Mvc [pattern='/docs/**']
[2023-09-26 17:26:05:7632][main] INFO  o.s.s.web.DefaultSecurityFilterChain - Will not secure Mvc [pattern='/members/auth/**']
[2023-09-26 17:26:05:7632][main] INFO  o.s.s.web.DefaultSecurityFilterChain - Will not secure Mvc [pattern='/scraps/**']
[2023-09-26 17:26:05:7632][main] INFO  o.s.s.web.DefaultSecurityFilterChain - Will not secure Mvc [pattern='/briefings/**']
[2023-09-26 17:26:05:7632][main] INFO  o.s.s.web.DefaultSecurityFilterChain - Will not secure Mvc [pattern='/chattings/**']
[2023-09-26 17:26:06:8995][main] INFO  o.s.cloud.commons.util.InetUtils - Cannot determine local hostname
[2023-09-26 17:26:06:9039][main] INFO  o.a.coyote.http11.Http11NioProtocol - Starting ProtocolHandler ["http-nio-8080"]
[2023-09-26 17:26:06:9060][main] INFO  o.s.b.w.e.tomcat.TomcatWebServer - Tomcat started on port(s): 8080 (http) with context path ''
[2023-09-26 17:26:08:10235][main] INFO  o.s.cloud.commons.util.InetUtils - Cannot determine local hostname
